2018-12-04 21:42:32,313 INFO Connection Accepted
2018-12-04 21:42:32,313 INFO Creating New Tank
2018-12-04 21:42:32,342 INFO Creating self
2018-12-04 21:42:32,342 INFO STARTGAME
2018-12-04 21:44:23,612 INFO Connection Accepted
2018-12-04 21:44:23,612 INFO Creating New Tank
2018-12-04 21:44:23,649 INFO Creating self
2018-12-04 21:44:23,649 INFO STARTGAME
2018-12-04 21:46:49,970 INFO Connection Accepted
2018-12-04 21:46:49,970 INFO Creating New Tank
2018-12-04 21:46:50,007 INFO Creating self
2018-12-04 21:46:50,007 INFO STARTGAME
2018-12-04 21:53:10,519 INFO Connection Accepted
2018-12-04 21:53:10,716 INFO Creating New Tank
2018-12-04 21:53:10,767 INFO Creating self
2018-12-04 21:53:10,767 INFO STARTGAME
2018-12-04 22:09:32,561 INFO Connection Accepted
2018-12-04 22:09:32,576 INFO Creating New Tank
2018-12-04 22:10:00,501 INFO Connection Accepted
2018-12-04 22:10:00,501 INFO Creating New Tank
2018-12-04 22:10:00,592 INFO Creating self
2018-12-04 22:10:00,592 INFO STARTGAME
2018-12-04 22:11:49,900 INFO Connection Accepted
2018-12-04 22:11:49,900 INFO Creating New Tank
2018-12-04 22:11:49,940 INFO Creating self
2018-12-04 22:11:49,940 INFO STARTGAME
2018-12-04 22:12:18,414 INFO Connection Accepted
2018-12-04 22:12:18,414 INFO Creating New Tank
2018-12-04 22:12:18,503 INFO Creating self
2018-12-04 22:12:18,503 INFO STARTGAME
2018-12-04 22:12:34,318 INFO Connection Accepted
2018-12-04 22:12:34,318 INFO Creating New Tank
2018-12-04 22:12:34,406 INFO Creating self
2018-12-04 22:12:34,406 INFO STARTGAME
2018-12-04 22:24:58,640 INFO Connection Accepted
2018-12-04 22:24:58,640 INFO Creating New Tank
2018-12-04 22:24:58,686 INFO Creating self
2018-12-04 22:24:58,686 INFO STARTGAME
2018-12-04 22:25:19,758 INFO Connection Accepted
2018-12-04 22:25:19,758 INFO Creating New Tank
2018-12-04 22:25:19,808 INFO Creating self
2018-12-04 22:25:19,808 INFO STARTGAME
2018-12-04 22:25:50,382 INFO Connection Accepted
2018-12-04 22:25:50,382 INFO Creating New Tank
2018-12-04 22:25:50,487 INFO Creating self
2018-12-04 22:25:50,487 INFO STARTGAME
2018-12-04 22:26:32,886 INFO Connection Accepted
2018-12-04 22:26:32,886 INFO Creating New Tank
2018-12-04 22:26:32,952 INFO Creating self
2018-12-04 22:26:32,952 INFO STARTGAME
2018-12-04 22:33:36,328 INFO Connection Accepted
2018-12-04 22:33:36,329 INFO Creating New Tank
2018-12-04 22:33:36,379 INFO Creating self
2018-12-04 22:33:36,379 INFO STARTGAME
2018-12-04 22:33:56,426 INFO Connection Accepted
2018-12-04 22:33:56,691 INFO Connection Accepted
2018-12-04 22:33:56,691 INFO Creating New Tank
2018-12-04 22:33:56,733 INFO Creating self
2018-12-04 22:33:56,733 INFO STARTGAME
2018-12-04 22:34:23,845 INFO Connection Accepted
2018-12-04 22:34:24,177 INFO Connection Accepted
2018-12-04 22:34:24,178 INFO Creating New Tank
2018-12-04 22:34:24,204 INFO Creating self
2018-12-04 22:34:24,205 INFO STARTGAME
2018-12-04 22:40:04,460 INFO Connection Accepted
2018-12-04 22:40:04,460 INFO Creating New Tank
2018-12-04 22:40:04,506 INFO Creating self
2018-12-04 22:40:04,506 INFO STARTGAME
2018-12-04 22:40:20,220 INFO Connection Accepted
2018-12-04 22:40:20,221 INFO Creating New Tank
2018-12-04 22:40:20,261 INFO Creating self
2018-12-04 22:40:20,261 INFO STARTGAME
2018-12-04 22:40:58,910 INFO Connection Accepted
2018-12-04 22:40:58,911 INFO Creating New Tank
2018-12-04 22:40:58,944 INFO Creating self
2018-12-04 22:40:58,944 INFO STARTGAME
2018-12-04 23:42:47,350 INFO Connection Accepted
2018-12-04 23:42:47,350 INFO Creating New Tank
2018-12-04 23:42:47,402 INFO Creating self
2018-12-04 23:42:47,402 INFO STARTGAME
2018-12-04 23:43:06,668 INFO Connection Accepted
2018-12-04 23:43:06,668 INFO Creating New Tank
2018-12-04 23:43:06,768 INFO Creating self
2018-12-04 23:43:06,769 INFO STARTGAME
2018-12-04 23:43:24,241 ERROR Connection timed out
2018-12-04 23:43:24,241 INFO Attempting to reconnect
2018-12-04 23:44:02,488 INFO Connection Accepted
2018-12-04 23:44:02,488 INFO Creating New Tank
2018-12-04 23:44:02,822 INFO Creating self
2018-12-04 23:44:02,822 INFO STARTGAME
2018-12-04 23:44:17,791 INFO Connection Accepted
2018-12-04 23:44:17,792 INFO Creating New Tank
2018-12-04 23:44:17,846 INFO Creating self
2018-12-04 23:44:17,846 INFO STARTGAME
2018-12-04 23:44:29,257 INFO Connection Accepted
2018-12-04 23:44:29,258 INFO Creating New Tank
2018-12-04 23:44:29,363 INFO Creating self
2018-12-04 23:44:29,363 INFO STARTGAME
2018-12-04 23:44:40,620 INFO Connection Accepted
2018-12-04 23:44:41,010 INFO Connection Accepted
2018-12-04 23:44:41,010 INFO Creating New Tank
2018-12-04 23:44:41,058 INFO Creating self
2018-12-04 23:44:41,058 INFO STARTGAME
2018-12-04 23:45:00,568 INFO Connection Accepted
2018-12-04 23:45:00,568 INFO Creating New Tank
2018-12-04 23:45:00,634 INFO Creating self
2018-12-04 23:45:00,634 INFO STARTGAME
2018-12-04 23:45:03,868 INFO Connection Accepted
2018-12-04 23:45:14,341 INFO Connection Accepted
2018-12-04 23:45:25,637 INFO Connection Accepted
2018-12-04 23:45:25,637 INFO Creating New Tank
2018-12-04 23:45:25,768 INFO Creating self
2018-12-04 23:45:25,768 INFO STARTGAME
2018-12-04 23:45:28,553 INFO Connection Accepted
