2018-12-04 19:30:09,658 INFO Server Initialized
2018-12-04 19:32:10,410 INFO Server Initialized
2018-12-04 19:32:10,412 INFO Listening on port 27806
2018-12-04 19:32:14,583 INFO A server Tank has been created
2018-12-04 19:35:19,757 INFO Server Initialized
2018-12-04 19:35:19,760 INFO Listening on port 27806
2018-12-04 19:35:23,530 INFO A server Tank has been created
2018-12-04 19:35:35,049 INFO A server Tank has been created
2018-12-04 19:53:28,640 INFO Server Initialized
2018-12-04 19:53:28,876 INFO Listening on port 27806
2018-12-04 19:54:06,783 INFO A server Tank has been created
2018-12-04 19:54:09,105 INFO A server Tank has been created
2018-12-04 19:54:32,321 INFO A server Tank has been created
2018-12-04 20:37:48,779 INFO Server Initialized
2018-12-04 20:37:48,782 INFO Listening on port 27806
2018-12-04 20:38:11,168 INFO A server Tank has been created
2018-12-04 20:40:27,591 INFO Server Initialized
2018-12-04 20:40:27,602 INFO Listening on port 27806
2018-12-04 21:06:26,383 INFO Server Initialized
2018-12-04 21:06:26,398 INFO Listening on port 27806
2018-12-04 21:06:31,146 INFO A server Tank has been created
2018-12-04 21:06:46,759 INFO A server Tank has been created
2018-12-04 21:07:57,740 INFO Server Initialized
2018-12-04 21:07:57,744 INFO Listening on port 27806
2018-12-04 21:08:00,509 INFO A server Tank has been created
2018-12-04 21:08:09,329 INFO A server Tank has been created
2018-12-04 21:09:31,885 INFO Server Initialized
2018-12-04 21:09:31,887 INFO Listening on port 27806
2018-12-04 21:09:34,805 INFO A server Tank has been created
2018-12-04 21:10:09,699 INFO Server Initialized
2018-12-04 21:10:09,701 INFO Listening on port 27806
2018-12-04 21:10:12,172 INFO A server Tank has been created
2018-12-04 21:11:25,282 INFO Server Initialized
2018-12-04 21:11:25,284 INFO Listening on port 27806
2018-12-04 21:11:27,877 INFO A server Tank has been created
2018-12-04 21:11:49,872 INFO Server Initialized
2018-12-04 21:11:49,877 INFO Listening on port 27806
2018-12-04 21:11:52,396 INFO A server Tank has been created
2018-12-04 21:13:11,985 INFO Server Initialized
2018-12-04 21:13:11,987 INFO Listening on port 27806
2018-12-04 21:13:16,273 INFO A server Tank has been created
2018-12-04 21:18:49,394 INFO Server Initialized
2018-12-04 21:18:49,396 INFO Listening on port 27806
2018-12-04 21:18:52,827 INFO A server Tank has been created
2018-12-04 21:19:33,206 INFO Server Initialized
2018-12-04 21:19:33,208 INFO Listening on port 27806
2018-12-04 21:19:36,731 INFO A server Tank has been created
2018-12-04 21:20:52,039 INFO Server Initialized
2018-12-04 21:20:52,042 INFO Listening on port 27806
2018-12-04 21:20:54,950 INFO A server Tank has been created
2018-12-04 21:24:01,322 INFO Server Initialized
2018-12-04 21:24:01,333 INFO Listening on port 27806
2018-12-04 21:24:03,949 INFO A server Tank has been created
2018-12-04 21:31:12,414 INFO Server Initialized
2018-12-04 21:31:12,418 INFO Listening on port 27806
2018-12-04 21:31:51,965 INFO Server Initialized
2018-12-04 21:31:51,967 INFO Listening on port 27806
2018-12-04 21:32:45,694 INFO A server Tank has been created
2018-12-04 21:32:48,910 INFO A server Tank has been created
2018-12-04 21:33:17,279 INFO A server Tank has been created
2018-12-04 21:34:05,468 INFO Server Initialized
2018-12-04 21:34:05,475 INFO Listening on port 27806
2018-12-04 21:34:06,389 INFO A server Tank has been created
2018-12-04 21:34:09,297 INFO A server Tank has been created
2018-12-04 21:36:46,132 INFO Server Initialized
2018-12-04 21:36:46,135 INFO Listening on port 27806
2018-12-04 21:36:47,727 INFO Connected to: <legume.serverpeer.Peer object at 0x037D8CD0>
2018-12-04 21:36:48,468 INFO A server Tank has been created
2018-12-04 21:42:13,575 INFO Server Initialized
2018-12-04 21:42:13,578 INFO Listening on port 27806
2018-12-04 21:42:29,501 INFO Server Initialized
2018-12-04 21:42:29,504 INFO Listening on port 27806
2018-12-04 21:42:31,537 INFO Connected to: <legume.serverpeer.Peer object at 0x03B72CB0>
2018-12-04 21:42:32,316 INFO A server Tank has been created
2018-12-04 21:44:20,533 INFO Server Initialized
2018-12-04 21:44:20,535 INFO Listening on port 27806
2018-12-04 21:44:22,885 INFO Connected to: <legume.serverpeer.Peer object at 0x03508C90>
2018-12-04 21:44:23,619 INFO A server Tank has been created
2018-12-04 21:46:47,512 INFO Server Initialized
2018-12-04 21:46:47,514 INFO Listening on port 27806
2018-12-04 21:46:49,128 INFO Connected to: <legume.serverpeer.Peer object at 0x03788D30>
2018-12-04 21:46:49,976 INFO A server Tank has been created
2018-12-04 21:51:10,966 INFO Server Initialized
2018-12-04 21:51:10,971 INFO Listening on port 27806
2018-12-04 21:51:51,364 INFO Server Initialized
2018-12-04 21:51:51,365 INFO Listening on port 27806
2018-12-04 21:53:08,056 INFO Server Initialized
2018-12-04 21:53:08,058 INFO Listening on port 27806
2018-12-04 21:53:09,591 INFO Connected to: <legume.serverpeer.Peer object at 0x03AD9D10>
2018-12-04 21:53:10,732 INFO A server Tank has been created
2018-12-04 22:09:25,384 INFO Server Initialized
2018-12-04 22:09:25,416 INFO Listening on port 27806
2018-12-04 22:09:31,902 INFO Connected to: <legume.serverpeer.Peer object at 0x030B9BF0>
2018-12-04 22:09:32,579 INFO A server Tank has been created
2018-12-04 22:09:57,769 INFO Server Initialized
2018-12-04 22:09:57,771 INFO Listening on port 27806
2018-12-04 22:09:59,605 INFO Connected to: <legume.serverpeer.Peer object at 0x03889C70>
2018-12-04 22:10:00,507 INFO A server Tank has been created
2018-12-04 22:11:47,725 INFO Server Initialized
2018-12-04 22:11:47,727 INFO Listening on port 27806
2018-12-04 22:11:49,201 INFO Connected to: <legume.serverpeer.Peer object at 0x030DCA50>
2018-12-04 22:11:49,906 INFO A server Tank has been created
2018-12-04 22:12:17,484 INFO Connected to: <legume.serverpeer.Peer object at 0x031098F0>
2018-12-04 22:12:18,425 INFO A server Tank has been created
2018-12-04 22:12:33,523 INFO Connected to: <legume.serverpeer.Peer object at 0x03109ED0>
2018-12-04 22:12:34,331 INFO A server Tank has been created
2018-12-04 22:24:55,927 INFO Server Initialized
2018-12-04 22:24:55,929 INFO Listening on port 27806
2018-12-04 22:24:57,947 INFO Connected to: <legume.serverpeer.Peer object at 0x03978C50>
2018-12-04 22:24:58,646 INFO A server Tank has been created
2018-12-04 22:25:18,904 INFO Connected to: <legume.serverpeer.Peer object at 0x03978930>
2018-12-04 22:25:19,768 INFO A server Tank has been created
2018-12-04 22:25:49,427 INFO Connected to: <legume.serverpeer.Peer object at 0x03990A90>
2018-12-04 22:25:50,409 INFO A server Tank has been created
2018-12-04 22:26:31,494 INFO Connected to: <legume.serverpeer.Peer object at 0x039C4810>
2018-12-04 22:26:32,920 INFO A server Tank has been created
2018-12-04 22:26:33,231 INFO A server Tank has been created
2018-12-04 22:33:34,030 INFO Server Initialized
2018-12-04 22:33:34,032 INFO Listening on port 27806
2018-12-04 22:33:35,508 INFO Connected to: <legume.serverpeer.Peer object at 0x037C8CF0>
2018-12-04 22:33:36,332 INFO A server Tank has been created
2018-12-04 22:33:55,309 INFO Connected to: <legume.serverpeer.Peer object at 0x037C8CF0>
2018-12-04 22:33:55,626 INFO Connected to: <legume.serverpeer.Peer object at 0x037C8870>
2018-12-04 22:33:56,703 INFO A server Tank has been created
2018-12-04 22:34:22,971 INFO Connected to: <legume.serverpeer.Peer object at 0x037C8870>
2018-12-04 22:34:23,289 INFO Connected to: <legume.serverpeer.Peer object at 0x037E0E10>
2018-12-04 22:34:24,188 INFO A server Tank has been created
2018-12-04 22:40:02,296 INFO Server Initialized
2018-12-04 22:40:02,298 INFO Listening on port 27806
2018-12-04 22:40:03,767 INFO Connected to: <legume.serverpeer.Peer object at 0x02EE8D10>
2018-12-04 22:40:04,464 INFO A server Tank has been created
2018-12-04 22:40:18,220 INFO Server Initialized
2018-12-04 22:40:18,221 INFO Listening on port 27806
2018-12-04 22:40:19,521 INFO Connected to: <legume.serverpeer.Peer object at 0x02F42290>
2018-12-04 22:40:20,226 INFO A server Tank has been created
2018-12-04 22:40:56,964 INFO Server Initialized
2018-12-04 22:40:56,966 INFO Listening on port 27806
2018-12-04 22:40:58,205 INFO Connected to: <legume.serverpeer.Peer object at 0x039C8BB0>
2018-12-04 22:40:58,915 INFO A server Tank has been created
2018-12-04 23:42:45,100 INFO Server Initialized
2018-12-04 23:42:45,102 INFO Listening on port 27806
2018-12-04 23:42:46,486 INFO Connected to: <legume.serverpeer.Peer object at 0x03A38C50>
2018-12-04 23:42:47,366 INFO A server Tank has been created
2018-12-04 23:43:04,986 INFO Connected to: <legume.serverpeer.Peer object at 0x03A38C90>
2018-12-04 23:43:06,694 INFO A server Tank has been created
2018-12-04 23:44:00,086 INFO Server Initialized
2018-12-04 23:44:00,091 INFO Listening on port 27806
2018-12-04 23:44:01,588 INFO Connected to: <legume.serverpeer.Peer object at 0x03CC8D10>
2018-12-04 23:44:02,493 INFO A server Tank has been created
2018-12-04 23:44:16,825 INFO Connected to: <legume.serverpeer.Peer object at 0x03CE08F0>
2018-12-04 23:44:17,803 INFO A server Tank has been created
2018-12-04 23:44:28,381 INFO Connected to: <legume.serverpeer.Peer object at 0x03CE07D0>
2018-12-04 23:44:29,272 INFO A server Tank has been created
2018-12-04 23:44:39,703 INFO Connected to: <legume.serverpeer.Peer object at 0x03CE07D0>
2018-12-04 23:44:40,021 INFO Connected to: <legume.serverpeer.Peer object at 0x03CE0830>
2018-12-04 23:44:41,036 INFO A server Tank has been created
2018-12-04 23:44:59,609 INFO Connected to: <legume.serverpeer.Peer object at 0x03D14E30>
2018-12-04 23:45:00,602 INFO A server Tank has been created
2018-12-04 23:45:00,910 INFO A server Tank has been created
2018-12-04 23:45:01,516 INFO A server Tank has been created
2018-12-04 23:45:24,583 INFO Connected to: <legume.serverpeer.Peer object at 0x03D14510>
2018-12-04 23:45:25,691 INFO A server Tank has been created
2018-12-04 23:45:39,863 INFO A server Tank has been created
2018-12-06 18:01:19,219 INFO Server Initialized
2018-12-06 18:01:19,249 INFO Listening on port 27806
2018-12-06 18:01:58,490 INFO Server Initialized
2018-12-06 18:01:58,492 INFO Listening on port 27806
2018-12-06 18:07:24,787 INFO Server Initialized
2018-12-06 18:07:24,790 INFO Listening on port 27806
2018-12-06 18:07:29,729 INFO Connected to: <legume.serverpeer.Peer object at 0x034B8C50>
2018-12-06 18:07:30,435 INFO A server Tank has been created
2018-12-06 18:08:15,001 INFO Connected to: <legume.serverpeer.Peer object at 0x034B8C30>
2018-12-06 18:08:15,979 INFO A server Tank has been created
2018-12-06 18:08:39,987 INFO Connected to: <legume.serverpeer.Peer object at 0x034B8750>
2018-12-06 18:08:40,882 INFO A server Tank has been created
2018-12-06 18:09:06,713 INFO Connected to: <legume.serverpeer.Peer object at 0x0348EC30>
2018-12-06 18:09:07,661 INFO A server Tank has been created
2018-12-06 18:09:27,371 INFO Connected to: <legume.serverpeer.Peer object at 0x03504F50>
2018-12-06 18:09:28,424 INFO A server Tank has been created
2018-12-06 18:09:28,740 INFO A server Tank has been created
2018-12-06 18:09:29,058 INFO A server Tank has been created
2018-12-06 18:19:07,458 INFO Server Initialized
2018-12-06 18:19:07,460 INFO Listening on port 27806
2018-12-06 18:24:28,004 INFO Connected to: <legume.serverpeer.Peer object at 0x03A98BB0>
2018-12-06 18:24:28,751 INFO A server Tank has been created
2018-12-06 18:24:32,283 INFO Connected to: <legume.serverpeer.Peer object at 0x03A98F30>
2018-12-06 18:24:32,978 INFO A server Tank has been created
2018-12-06 18:25:15,902 INFO Connected to: <legume.serverpeer.Peer object at 0x03AB0730>
2018-12-06 18:25:16,691 INFO A server Tank has been created
2018-12-06 18:25:58,969 INFO Connected to: <legume.serverpeer.Peer object at 0x03AB0F70>
2018-12-06 18:25:59,776 INFO A server Tank has been created
2018-12-06 18:42:02,859 INFO Server Initialized
2018-12-06 18:42:02,861 INFO Listening on port 27806
2018-12-06 18:42:07,923 INFO Connected to: <legume.serverpeer.Peer object at 0x03F2C0F0>
2018-12-06 18:42:08,630 INFO A server Tank has been created
2018-12-06 18:49:44,376 INFO Server Initialized
2018-12-06 18:49:44,388 INFO Listening on port 27806
